Nov 14 12:58:16.110 INFO: manager: 2.0.1
Nov 14 12:58:16.110 INFO: manager: Copyright (C) 2003-2022, Noriaki Ando and OpenRTM development team,
Nov 14 12:58:16.110 INFO: manager:   Intelligent Systems Research Institute, AIST,
Nov 14 12:58:16.110 INFO: manager: Copyright (C) 2022, Noriaki Ando and OpenRTM development team,
Nov 14 12:58:16.110 INFO: manager:   Industrial Cyber-Physical Research Center, AIST,
Nov 14 12:58:16.110 INFO: manager:   All right reserved.
Nov 14 12:58:16.110 INFO: manager: Manager starting.
Nov 14 12:58:16.110 INFO: manager: Starting local logging.
Nov 14 12:58:16.113 WARNING: NamingOnCorba: No endpoint for the CORBA naming service (localhost) was found.
Nov 14 12:58:16.113 INFO: NamingManager: NameServer connection succeeded: corba/localhost
Nov 14 12:58:16.114 INFO: ManagerServant: Named manager reference (INS) was successfully created.
Nov 14 12:58:16.114 WARNING: ManagerServant: Master manager not found
Nov 14 12:58:16.114 INFO: LocalServiceAdmin: All the local services are enabled.
Nov 14 12:58:16.115 INFO: ec_base: setRate(1000000.000000) done
Nov 14 12:58:16.115 INFO: ec_base: setRate(1000.000000) done
Nov 14 12:58:16.115 INFO: MikataArm0: 1 execution context was created.
Nov 14 12:58:16.115 INFO: MikataArm0: Initial active configuration set is default.
Nov 14 12:58:26.130 INFO: ManagerServant: Master manager not found
Nov 14 12:58:36.144 INFO: ManagerServant: Master manager not found
Nov 14 12:58:46.159 INFO: ManagerServant: Master manager not found
Nov 14 12:58:56.174 INFO: ManagerServant: Master manager not found
