Nov 14 13:08:11.963 INFO: manager: 2.0.1
Nov 14 13:08:11.968 INFO: manager: Copyright (C) 2003-2022, Noriaki Ando and OpenRTM development team,
Nov 14 13:08:11.968 INFO: manager:   Intelligent Systems Research Institute, AIST,
Nov 14 13:08:11.968 INFO: manager: Copyright (C) 2022, Noriaki Ando and OpenRTM development team,
Nov 14 13:08:11.968 INFO: manager:   Industrial Cyber-Physical Research Center, AIST,
Nov 14 13:08:11.968 INFO: manager:   All right reserved.
Nov 14 13:08:11.968 INFO: manager: Manager starting.
Nov 14 13:08:11.968 INFO: manager: Starting local logging.
Nov 14 13:08:11.971 WARNING: NamingOnCorba: No endpoint for the CORBA naming service (localhost) was found.
Nov 14 13:08:11.971 INFO: NamingManager: NameServer connection succeeded: corba/localhost
Nov 14 13:08:11.971 INFO: ManagerServant: Named manager reference (INS) was successfully created.
Nov 14 13:08:11.971 WARNING: ManagerServant: Master manager not found
Nov 14 13:08:11.972 INFO: LocalServiceAdmin: All the local services are enabled.
Nov 14 13:08:11.972 INFO: ec_base: setRate(1000000.000000) done
Nov 14 13:08:11.972 INFO: ec_base: setRate(1000.000000) done
Nov 14 13:08:11.972 INFO: MikataArm0: 1 execution context was created.
Nov 14 13:08:11.972 INFO: MikataArm0: Initial active configuration set is default.
Nov 14 13:08:19.290 WARNING: SdoServiceAdmin: No available SDO service in the factory: 
Nov 14 13:08:21.989 INFO: ManagerServant: Master manager not found
Nov 14 13:08:32.011 INFO: ManagerServant: Master manager not found
Nov 14 13:08:42.027 INFO: ManagerServant: Master manager not found
Nov 14 13:08:52.044 INFO: ManagerServant: Master manager not found
Nov 14 13:09:02.058 INFO: ManagerServant: Master manager not found
Nov 14 13:09:12.074 INFO: ManagerServant: Master manager not found
Nov 14 13:09:22.087 INFO: ManagerServant: Master manager not found
Nov 14 13:09:32.101 INFO: ManagerServant: Master manager not found
Nov 14 13:09:42.116 INFO: ManagerServant: Master manager not found
