Nov 14 13:03:55.341 INFO: manager: 2.0.1
Nov 14 13:03:55.341 INFO: manager: Copyright (C) 2003-2022, Noriaki Ando and OpenRTM development team,
Nov 14 13:03:55.341 INFO: manager:   Intelligent Systems Research Institute, AIST,
Nov 14 13:03:55.341 INFO: manager: Copyright (C) 2022, Noriaki Ando and OpenRTM development team,
Nov 14 13:03:55.341 INFO: manager:   Industrial Cyber-Physical Research Center, AIST,
Nov 14 13:03:55.341 INFO: manager:   All right reserved.
Nov 14 13:03:55.341 INFO: manager: Manager starting.
Nov 14 13:03:55.341 INFO: manager: Starting local logging.
Nov 14 13:03:55.344 WARNING: NamingOnCorba: No endpoint for the CORBA naming service (localhost) was found.
Nov 14 13:03:55.344 INFO: NamingManager: NameServer connection succeeded: corba/localhost
Nov 14 13:03:55.344 INFO: ManagerServant: Named manager reference (INS) was successfully created.
Nov 14 13:03:55.344 WARNING: ManagerServant: Master manager not found
Nov 14 13:03:55.345 INFO: LocalServiceAdmin: All the local services are enabled.
Nov 14 13:03:55.345 INFO: ec_base: setRate(1000000.000000) done
Nov 14 13:03:55.345 INFO: ec_base: setRate(1000.000000) done
Nov 14 13:03:55.345 INFO: MikataArm0: 1 execution context was created.
Nov 14 13:03:55.345 INFO: MikataArm0: Initial active configuration set is default.
Nov 14 13:04:05.359 INFO: ManagerServant: Master manager not found
Nov 14 13:04:15.377 INFO: ManagerServant: Master manager not found
Nov 14 13:04:25.394 INFO: ManagerServant: Master manager not found
