Nov 14 13:21:18.739 INFO: manager: 2.0.1
Nov 14 13:21:18.739 INFO: manager: Copyright (C) 2003-2022, Noriaki Ando and OpenRTM development team,
Nov 14 13:21:18.739 INFO: manager:   Intelligent Systems Research Institute, AIST,
Nov 14 13:21:18.739 INFO: manager: Copyright (C) 2022, Noriaki Ando and OpenRTM development team,
Nov 14 13:21:18.739 INFO: manager:   Industrial Cyber-Physical Research Center, AIST,
Nov 14 13:21:18.739 INFO: manager:   All right reserved.
Nov 14 13:21:18.739 INFO: manager: Manager starting.
Nov 14 13:21:18.739 INFO: manager: Starting local logging.
Nov 14 13:21:18.742 WARNING: NamingOnCorba: No endpoint for the CORBA naming service (localhost) was found.
Nov 14 13:21:18.742 INFO: NamingManager: NameServer connection succeeded: corba/localhost
Nov 14 13:21:18.742 INFO: ManagerServant: Named manager reference (INS) was successfully created.
Nov 14 13:21:18.742 WARNING: ManagerServant: Master manager not found
Nov 14 13:21:18.743 INFO: LocalServiceAdmin: All the local services are enabled.
Nov 14 13:21:18.743 INFO: ec_base: setRate(1000000.000000) done
Nov 14 13:21:18.743 INFO: ec_base: setRate(1000.000000) done
Nov 14 13:21:18.743 INFO: MikataArm0: 1 execution context was created.
Nov 14 13:21:18.743 INFO: MikataArm0: Initial active configuration set is default.
Nov 14 13:21:28.757 INFO: ManagerServant: Master manager not found
Nov 14 13:21:37.233 WARNING: SdoServiceAdmin: No available SDO service in the factory: 
Nov 14 13:21:38.769 INFO: ManagerServant: Master manager not found
Nov 14 13:21:48.781 INFO: ManagerServant: Master manager not found
Nov 14 13:21:58.789 INFO: ManagerServant: Master manager not found
Nov 14 13:22:08.796 INFO: ManagerServant: Master manager not found
Nov 14 13:22:18.804 INFO: ManagerServant: Master manager not found
Nov 14 13:22:28.812 INFO: ManagerServant: Master manager not found
Nov 14 13:22:38.821 INFO: ManagerServant: Master manager not found
Nov 14 13:22:48.829 INFO: ManagerServant: Master manager not found
Nov 14 13:22:58.837 INFO: ManagerServant: Master manager not found
Nov 14 13:23:08.845 INFO: ManagerServant: Master manager not found
Nov 14 13:23:18.851 INFO: ManagerServant: Master manager not found
Nov 14 13:23:28.858 INFO: ManagerServant: Master manager not found
Nov 14 13:23:38.864 INFO: ManagerServant: Master manager not found
Nov 14 13:23:48.872 INFO: ManagerServant: Master manager not found
Nov 14 13:23:58.880 INFO: ManagerServant: Master manager not found
Nov 14 13:24:08.886 INFO: ManagerServant: Master manager not found
