Nov 14 13:14:11.547 INFO: manager: 2.0.1
Nov 14 13:14:11.547 INFO: manager: Copyright (C) 2003-2022, Noriaki Ando and OpenRTM development team,
Nov 14 13:14:11.547 INFO: manager:   Intelligent Systems Research Institute, AIST,
Nov 14 13:14:11.547 INFO: manager: Copyright (C) 2022, Noriaki Ando and OpenRTM development team,
Nov 14 13:14:11.547 INFO: manager:   Industrial Cyber-Physical Research Center, AIST,
Nov 14 13:14:11.547 INFO: manager:   All right reserved.
Nov 14 13:14:11.547 INFO: manager: Manager starting.
Nov 14 13:14:11.547 INFO: manager: Starting local logging.
Nov 14 13:14:11.550 WARNING: NamingOnCorba: No endpoint for the CORBA naming service (localhost) was found.
Nov 14 13:14:11.550 INFO: NamingManager: NameServer connection succeeded: corba/localhost
Nov 14 13:14:11.551 INFO: ManagerServant: Named manager reference (INS) was successfully created.
Nov 14 13:14:11.551 WARNING: ManagerServant: Master manager not found
Nov 14 13:14:11.551 INFO: LocalServiceAdmin: All the local services are enabled.
Nov 14 13:14:11.552 INFO: ec_base: setRate(1000000.000000) done
Nov 14 13:14:11.552 INFO: ec_base: setRate(1000.000000) done
Nov 14 13:14:11.552 INFO: MikataArm0: 1 execution context was created.
Nov 14 13:14:11.552 INFO: MikataArm0: Initial active configuration set is default.
Nov 14 13:14:21.570 INFO: ManagerServant: Master manager not found
Nov 14 13:14:31.585 INFO: ManagerServant: Master manager not found
Nov 14 13:14:41.599 INFO: ManagerServant: Master manager not found
